#
# A fatal error has been detected by the Java Runtime Environment:
#
#  Internal Error (javaClasses.cpp:129), pid=8640, tid=4208
#  fatal error: Invalid layout of preloaded class
#
# JRE version: 7.0_15-b03
# Java VM: Java HotSpot(TM) Client VM (23.7-b01 mixed mode windows-x86 )
# Failed to write core dump. Minidumps are not enabled by default on client versions of Windows
#
# If you would like to submit a bug report, please visit:
#   http://bugreport.sun.com/bugreport/crash.jsp
#

---------------  T H R E A D  ---------------

Current thread (0x0129b000):  JavaThread "Unknown thread" [_thread_in_vm, id=4208, stack(0x016f0000,0x01740000)]

Stack: [0x016f0000,0x01740000],  sp=0x0173f988,  free space=318k
Native frames: (J=compiled Java code, j=interpreted, Vv=VM code, C=native code)
V  [jvm.dll+0x16f261]
V  [jvm.dll+0x1693d6]
V  [jvm.dll+0x2079f]
V  [jvm.dll+0x20826]
V  [jvm.dll+0x2e5bd]
V  [jvm.dll+0x2e869]
V  [jvm.dll+0x77ba1]
V  [jvm.dll+0x77f5b]
V  [jvm.dll+0x1290e1]
V  [jvm.dll+0x149b3a]
V  [jvm.dll+0xa98df]
C  [javaw.exe+0x13ca]
C  [javaw.exe+0x1e3c]
C  [javaw.exe+0xa5a1]
C  [javaw.exe+0xa62b]
C  [kernel32.dll+0x4ee1c]  BaseThreadInitThunk+0x12
C  [ntdll.dll+0x637eb]  RtlInitializeExceptionChain+0xef
C  [ntdll.dll+0x637be]  RtlInitializeExceptionChain+0xc2


---------------  P R O C E S S  ---------------

Java Threads: ( => current thread )

Other Threads:

=>0x0129b000 (exited) JavaThread "Unknown thread" [_thread_in_vm, id=4208, stack(0x016f0000,0x01740000)]

VM state:not at safepoint (not fully initialized)

VM Mutex/Monitor currently owned by a thread: None

GC Heap History (0 events):
No events

Deoptimization events (0 events):
No events

Internal exceptions (0 events):
No events

Events (10 events):
Event: 0.024 loading class 0x01763d98 done
Event: 0.024 loading class 0x017634b8 done
Event: 0.024 loading class 0x01763490
Event: 0.024 loading class 0x017d81e0
Event: 0.025 loading class 0x017d81e0 done
Event: 0.025 loading class 0x017d8218
Event: 0.025 loading class 0x017d8218 done
Event: 0.025 loading class 0x017ce3c0
Event: 0.025 loading class 0x017ce3c0 done
Event: 0.025 loading class 0x01763490 done


Dynamic libraries:
0x01370000 - 0x0139f000 	C:\Program Files\Java\jdk1.7.0_15\bin\javaw.exe
0x76fb0000 - 0x770ec000 	C:\Windows\SYSTEM32\ntdll.dll
0x76e00000 - 0x76ed4000 	C:\Windows\system32\kernel32.dll
0x752d0000 - 0x7531b000 	C:\Windows\system32\KERNELBASE.dll
0x75f40000 - 0x75fe0000 	C:\Windows\system32\ADVAPI32.dll
0x75fe0000 - 0x7608c000 	C:\Windows\system32\msvcrt.dll
0x75700000 - 0x75719000 	C:\Windows\SYSTEM32\sechost.dll
0x75a10000 - 0x75ab2000 	C:\Windows\system32\RPCRT4.dll
0x76ce0000 - 0x76da9000 	C:\Windows\system32\USER32.dll
0x770f0000 - 0x7713e000 	C:\Windows\system32\GDI32.dll
0x75320000 - 0x7532a000 	C:\Windows\system32\LPK.dll
0x754c0000 - 0x7555d000 	C:\Windows\system32\USP10.dll
0x73f00000 - 0x7409e000 	C:\Windows\WinSxS\x86_microsoft.windows.common-controls_6595b64144ccf1df_6.0.7601.17514_none_41e6975e2bd6f2b2\COMCTL32.dll
0x75ac0000 - 0x75b17000 	C:\Windows\system32\SHLWAPI.dll
0x754a0000 - 0x754bf000 	C:\Windows\system32\IMM32.DLL
0x76ee0000 - 0x76fac000 	C:\Windows\system32\MSCTF.dll
0x62c20000 - 0x62cde000 	C:\Program Files\Java\jdk1.7.0_15\jre\bin\msvcr100.dll
0x63510000 - 0x6385c000 	C:\Program Files\Java\jdk1.7.0_15\jre\bin\client\jvm.dll
0x737d0000 - 0x737d7000 	C:\Windows\system32\WSOCK32.dll
0x75bb0000 - 0x75be5000 	C:\Windows\system32\WS2_32.dll
0x75720000 - 0x75726000 	C:\Windows\system32\NSI.dll
0x70a60000 - 0x70a92000 	C:\Windows\system32\WINMM.dll
0x77140000 - 0x77145000 	C:\Windows\system32\PSAPI.DLL
0x63440000 - 0x6344c000 	C:\Program Files\Java\jdk1.7.0_15\jre\bin\verify.dll
0x63420000 - 0x63440000 	C:\Program Files\Java\jdk1.7.0_15\jre\bin\java.dll
0x63400000 - 0x63413000 	C:\Program Files\Java\jdk1.7.0_15\jre\bin\zip.dll
0x5ffc0000 - 0x600ab000 	C:\Windows\system32\dbghelp.dll

VM Arguments:
jvm_args: -Dfile.encoding=GBK -Xbootclasspath:E:\adt-bundle-windows-x86-20131030\sdk\platforms\android-17\android.jar 
java_command: com.bt.btapp.test
Launcher Type: SUN_STANDARD

Environment Variables:
JAVA_HOME=C:\Program Files\Java\jdk1.7.0_15
CLASSPATH=.;C:\Program Files\Java\jdk1.7.0_15\lib;C:\Program Files\Java\jdk1.7.0_15\lib\tools.jar
PATH=C:/Program Files/Java/jdk1.7.0_15/jre/bin/client;C:/Program Files/Java/jdk1.7.0_15/jre/bin;C:/Program Files/Java/jdk1.7.0_15/jre/lib/i386;C:\Program Files\AMD APP\bin\x86;C:\Windows\system32;C:\Windows;C:\Windows\System32\Wbem;C:\Windows\System32\WindowsPowerShell\v1.0\;C:\Program Files\Java\jdk1.7.0_15\bin;C:\Program Files\Java\jdk1.7.0_15\jre\bin;C:\Program Files\ATI Technologies\ATI.ACE\Core-Static;D:\apache-ant-1.6.5\bin;E:\adt-bundle-windows-x86-20131030\sdk\tools;;D:\Program Files\SSH Communications Security\SSH Secure Shell;C:\Program Files\IDM Computer Solutions\UltraEdit\;C:\Program Files\IDM Computer Solutions\UltraCompare\;E:\adt-bundle-windows-x86-20131030\eclipse;
USERNAME=bucengyaoyuan
OS=Windows_NT
PROCESSOR_IDENTIFIER=x86 Family 6 Model 37 Stepping 2, GenuineIntel



---------------  S Y S T E M  ---------------

OS: Windows 7 Build 7601 Service Pack 1

CPU:total 4 (2 cores per cpu, 2 threads per core) family 6 model 37 stepping 2, cmov, cx8, fxsr, mmx, sse, sse2, sse3, ssse3, sse4.1, sse4.2, popcnt, ht, tsc, tscinvbit

Memory: 4k page, physical 2019880k(438120k free), swap 4039760k(1069188k free)

vm_info: Java HotSpot(TM) Client VM (23.7-b01) for windows-x86 JRE (1.7.0_15-b03), built on Feb 15 2013 14:01:25 by "java_re" with unknown MS VC++:1600

time: Wed Aug 06 11:48:15 2014
elapsed time: 0 seconds

