#
# A fatal error has been detected by the Java Runtime Environment:
#
#  Internal Error (javaClasses.cpp:129), pid=5244, tid=6508
#  fatal error: Invalid layout of preloaded class
#
# JRE version: 7.0_09-b05
# Java VM: Java HotSpot(TM) 64-Bit Server VM (23.5-b02 mixed mode windows-amd64 compressed oops)
# Failed to write core dump. Minidumps are not enabled by default on client versions of Windows
#
# If you would like to submit a bug report, please visit:
#   http://bugreport.sun.com/bugreport/crash.jsp
#

---------------  T H R E A D  ---------------

Current thread (0x000000000019c800):  JavaThread "Unknown thread" [_thread_in_vm, id=6508, stack(0x00000000028b0000,0x00000000029b0000)]

Stack: [0x00000000028b0000,0x00000000029b0000]

---------------  P R O C E S S  ---------------

Java Threads: ( => current thread )

Other Threads:

=>0x000000000019c800 (exited) JavaThread "Unknown thread" [_thread_in_vm, id=6508, stack(0x00000000028b0000,0x00000000029b0000)]

VM state:not at safepoint (not fully initialized)

VM Mutex/Monitor currently owned by a thread: None

GC Heap History (0 events):
No events

Deoptimization events (0 events):
No events

Internal exceptions (0 events):
No events

Events (10 events):
Event: 0.017 loading class 0x000000000256c5d0 done
Event: 0.017 loading class 0x000000000256c030 done
Event: 0.017 loading class 0x000000000256c000
Event: 0.018 loading class 0x00000000025f3080
Event: 0.018 loading class 0x00000000025f3080 done
Event: 0.018 loading class 0x00000000025f30c0
Event: 0.018 loading class 0x00000000025f30c0 done
Event: 0.018 loading class 0x00000000075ae6c0
Event: 0.018 loading class 0x00000000075ae6c0 done
Event: 0.018 loading class 0x000000000256c000 done


Dynamic libraries:
0x000000013f8f0000 - 0x000000013f924000 	E:\Program Files\Java\jdk1.7.0_09\bin\javaw.exe
0x0000000077010000 - 0x00000000771b9000 	C:\Windows\SYSTEM32\ntdll.dll
0x0000000076b80000 - 0x0000000076c9f000 	C:\Windows\system32\kernel32.dll
0x000007fefd430000 - 0x000007fefd49c000 	C:\Windows\system32\KERNELBASE.dll
0x000007fefda30000 - 0x000007fefdb0b000 	C:\Windows\system32\ADVAPI32.dll
0x000007fefdf50000 - 0x000007fefdfef000 	C:\Windows\system32\msvcrt.dll
0x000007fefed90000 - 0x000007fefedaf000 	C:\Windows\SYSTEM32\sechost.dll
0x000007fefd6b0000 - 0x000007fefd7dd000 	C:\Windows\system32\RPCRT4.dll
0x0000000076a80000 - 0x0000000076b7a000 	C:\Windows\system32\USER32.dll
0x000007feff200000 - 0x000007feff267000 	C:\Windows\system32\GDI32.dll
0x000007fefed80000 - 0x000007fefed8e000 	C:\Windows\system32\LPK.dll
0x000007fefd860000 - 0x000007fefd929000 	C:\Windows\system32\USP10.dll
0x000007fefba60000 - 0x000007fefbc54000 	C:\Windows\WinSxS\amd64_microsoft.windows.common-controls_6595b64144ccf1df_6.0.7601.17514_none_fa396087175ac9ac\COMCTL32.dll
0x000007fefdbf0000 - 0x000007fefdc61000 	C:\Windows\system32\SHLWAPI.dll
0x000007fefd9e0000 - 0x000007fefda0e000 	C:\Windows\system32\IMM32.DLL
0x000007fefefc0000 - 0x000007feff0c9000 	C:\Windows\system32\MSCTF.dll
0x000000006a2c0000 - 0x000000006a391000 	E:\Program Files\Java\jdk1.7.0_09\jre\bin\msvcr100.dll
0x000000005fb20000 - 0x000000006023f000 	E:\Program Files\Java\jdk1.7.0_09\jre\bin\server\jvm.dll
0x000007fef7d10000 - 0x000007fef7d19000 	C:\Windows\system32\WSOCK32.dll
0x000007fefd990000 - 0x000007fefd9dd000 	C:\Windows\system32\WS2_32.dll
0x000007feff270000 - 0x000007feff278000 	C:\Windows\system32\NSI.dll
0x000007fefd2f0000 - 0x000007fefd32b000 	C:\Windows\system32\WINMM.dll
0x00000000771e0000 - 0x00000000771e7000 	C:\Windows\system32\PSAPI.DLL
0x0000000072ee0000 - 0x0000000072eef000 	E:\Program Files\Java\jdk1.7.0_09\jre\bin\verify.dll
0x000000006a8b0000 - 0x000000006a8d8000 	E:\Program Files\Java\jdk1.7.0_09\jre\bin\java.dll
0x000000006a800000 - 0x000000006a815000 	E:\Program Files\Java\jdk1.7.0_09\jre\bin\zip.dll

VM Arguments:
jvm_args: -Dfile.encoding=GBK -Xbootclasspath:E:\Program Files\AppData\Local\Android\android-sdk\platforms\android-17\android.jar 
java_command: com.bt.btapp.Connect
Launcher Type: SUN_STANDARD

Environment Variables:
JAVA_HOME=E:\Program Files\Java\jdk1.7.0_09
CLASSPATH=;E:\Program Files\Java\jdk1.7.0_09/lib/dt.jar;E:\Program Files\Java\jdk1.7.0_09/lib/tools.jar
PATH=E:/Program Files/Java/jdk1.7.0_09/bin/../jre/bin/server;E:/Program Files/Java/jdk1.7.0_09/bin/../jre/bin;E:/Program Files/Java/jdk1.7.0_09/bin/../jre/lib/amd64;C:\Program Files (x86)\AMD APP\bin\x86_64;C:\Program Files (x86)\AMD APP\bin\x86;C:\Program Files\Common Files\Microsoft Shared\Windows Live;E:\Program Files\Java\jdk1.7.0_09/bin;E:\Program Files\Java\jdk1.7.0_09/jre/bin;C:\Windows\system32;C:\Windows;C:\Windows\System32\Wbem;C:\Windows\SysWOW64 ;C:\Program Files (x86)\ATI Technologies\ATI.ACE\Core-Static;C:\Program Files\Common Files\Microsoft Shared\Windows Live;D:\Program Files\OpenCV-2.3.1-win-superpack\opencv\build\x86\vc10\bin;D:\Program Files\OpenCV-2.3.1-win-superpack\opencv\build\common\tbb\ia32\vc10;E:\Program Files\AppData\Local\Android\android-sdk\platform-tools;E:\Program Files\AppData\Local\Android\android-sdk\tools;E:\Program Files\eclipse\eclipse;
USERNAME=dell
OS=Windows_NT
PROCESSOR_IDENTIFIER=Intel64 Family 6 Model 23 Stepping 10, GenuineIntel



---------------  S Y S T E M  ---------------

OS: Windows 7 , 64 bit Build 7601 Service Pack 1

CPU:total 2 (2 cores per cpu, 1 threads per core) family 6 model 23 stepping 10, cmov, cx8, fxsr, mmx, sse, sse2, sse3, ssse3, tsc

Memory: 4k page, physical 2091980k(464876k free), swap 4183960k(928696k free)

vm_info: Java HotSpot(TM) 64-Bit Server VM (23.5-b02) for windows-amd64 JRE (1.7.0_09-b05), built on Sep 24 2012 21:45:04 by "java_re" with unknown MS VC++:1600

time: Thu Apr 17 17:07:07 2014
elapsed time: 0 seconds

